<?xml version="1.0" encoding="UTF-8"?>
<!-- Generated by org.testng.reporters.JUnitReportReporter -->
<testsuite hostname="WIN7ULTI32BIT" name="pageFunctions.MainClass" tests="2" failures="0" timestamp="18 Jan 2017 13:46:19 GMT" time="114.529" errors="0">
  <testcase name="StartMethod" time="81.627" classname="pageFunctions.MainClass"/>
  <testcase name="StartMethod" time="32.902" classname="pageFunctions.MainClass"/>
</testsuite> <!-- pageFunctions.MainClass -->
