<?xml version="1.0" encoding="UTF-8"?>
<!-- Generated by org.testng.reporters.JUnitReportReporter -->
<testsuite hostname="WIN7ULTI32BIT" name="DesignP.StartQASitePagesStyle.MainClass" tests="1" failures="0" timestamp="18 Jan 2017 08:51:12 GMT" time="10.267" errors="0">
  <testcase name="StartMethod" time="10.267" classname="DesignP.StartQASitePagesStyle.MainClass"/>
</testsuite> <!-- DesignP.StartQASitePagesStyle.MainClass -->
